-- Found ament_cmake: 1.3.9 (/opt/ros/humble/share/ament_cmake/cmake)
-- Found Python3: /usr/bin/python3 (found version "3.10.12") found components: Interpreter 
-- Found moveit_ros_planning_interface: 2.5.5 (/opt/ros/humble/share/moveit_ros_planning_interface/cmake)
-- Found Boost: /usr/lib/x86_64-linux-gnu/cmake/Boost-1.74.0/BoostConfig.cmake (found version "1.74.0") found components: date_time filesystem program_options system thread 
-- Found rosidl_generator_c: 3.1.5 (/opt/ros/humble/share/rosidl_generator_c/cmake)
-- Found rosidl_adapter: 3.1.5 (/opt/ros/humble/share/rosidl_adapter/cmake)
-- Found rosidl_generator_cpp: 3.1.5 (/opt/ros/humble/share/rosidl_generator_cpp/cmake)
-- Using all available rosidl_typesupport_c: rosidl_typesupport_fastrtps_c;rosidl_typesupport_introspection_c
-- Using all available rosidl_typesupport_cpp: rosidl_typesupport_fastrtps_cpp;rosidl_typesupport_introspection_cpp
-- Found Boost: /usr/lib/x86_64-linux-gnu/cmake/Boost-1.74.0/BoostConfig.cmake (found version "1.74.0") found components: chrono date_time filesystem iostreams program_options regex serialization system thread 
-- Found parameter_traits: 0.3.8 (/opt/ros/humble/share/parameter_traits/cmake)
-- Found rmw_implementation_cmake: 6.1.2 (/opt/ros/humble/share/rmw_implementation_cmake/cmake)
-- Found rmw_fastrtps_cpp: 6.2.6 (/opt/ros/humble/share/rmw_fastrtps_cpp/cmake)
-- Found OpenSSL: /usr/lib/x86_64-linux-gnu/libcrypto.so (found version "3.0.2")  
-- Found FastRTPS: /opt/ros/humble/include  
-- Using RMW implementation 'rmw_fastrtps_cpp' as default
-- Found Threads: TRUE  
-- Found rclcpp_lifecycle: 16.0.9 (/opt/ros/humble/share/rclcpp_lifecycle/cmake)
-- Found Boost: /usr/lib/x86_64-linux-gnu/cmake/Boost-1.74.0/BoostConfig.cmake (found version "1.74.0") found components: filesystem 
-- library: /usr/lib/x86_64-linux-gnu/libcurl.so
-- Found Eigen3: TRUE (found version "3.4.0") 
-- Ensuring Eigen3 include directory is part of orocos-kdl CMake target
-- Found Boost: /usr/lib/x86_64-linux-gnu/cmake/Boost-1.74.0/BoostConfig.cmake (found version "1.74.0") found components: system filesystem date_time program_options thread chrono 
-- Found Boost: /usr/lib/x86_64-linux-gnu/cmake/Boost-1.74.0/BoostConfig.cmake (found version "1.74.0") found components: thread system filesystem regex date_time program_options 
-- Found Boost: /usr/lib/x86_64-linux-gnu/cmake/Boost-1.74.0/BoostConfig.cmake (found version "1.74.0") found components: system filesystem date_time program_options thread 
-- Found ament_lint_auto: 0.12.11 (/opt/ros/humble/share/ament_lint_auto/cmake)
-- Added test 'cppcheck' to perform static code analysis on C / C++ code
-- Configured cppcheck include dirs: $<BUILD_INTERFACE:/home/davy/ws_moveit2/src/battery_assembly_planner/include>
-- Configured cppcheck exclude dirs and/or files: 
-- Added test 'flake8' to check Python code syntax and style conventions
-- Added test 'lint_cmake' to check CMake code style
-- Added test 'pep257' to check Python code against some of the docstring style conventions in PEP 257
-- Added test 'uncrustify' to check C / C++ code style
-- Configured uncrustify additional arguments: 
-- Added test 'xmllint' to check XML markup files
-- Configuring done
-- Generating done
-- Build files have been written to: /home/davy/ws_moveit2/src/battery_assembly_planner/build/battery_assembly_planner
[ 50%] [32mBuilding CXX object CMakeFiles/battery_assembly.dir/src/battery_assembly.cpp.o[0m
[100%] [32m[1mLinking CXX executable battery_assembly[0m
[100%] Built target battery_assembly
-- Install configuration: "Debug"
-- Installing: /home/davy/ws_moveit2/src/battery_assembly_planner/install/battery_assembly_planner/lib/battery_assembly_planner/battery_assembly
-- Set runtime path of "/home/davy/ws_moveit2/src/battery_assembly_planner/install/battery_assembly_planner/lib/battery_assembly_planner/battery_assembly" to ""
-- Installing: /home/davy/ws_moveit2/src/battery_assembly_planner/install/battery_assembly_planner/share/ament_index/resource_index/package_run_dependencies/battery_assembly_planner
-- Installing: /home/davy/ws_moveit2/src/battery_assembly_planner/install/battery_assembly_planner/share/ament_index/resource_index/parent_prefix_path/battery_assembly_planner
-- Installing: /home/davy/ws_moveit2/src/battery_assembly_planner/install/battery_assembly_planner/share/battery_assembly_planner/environment/ament_prefix_path.sh
-- Installing: /home/davy/ws_moveit2/src/battery_assembly_planner/install/battery_assembly_planner/share/battery_assembly_planner/environment/ament_prefix_path.dsv
-- Installing: /home/davy/ws_moveit2/src/battery_assembly_planner/install/battery_assembly_planner/share/battery_assembly_planner/environment/path.sh
-- Installing: /home/davy/ws_moveit2/src/battery_assembly_planner/install/battery_assembly_planner/share/battery_assembly_planner/environment/path.dsv
-- Installing: /home/davy/ws_moveit2/src/battery_assembly_planner/install/battery_assembly_planner/share/battery_assembly_planner/local_setup.bash
-- Installing: /home/davy/ws_moveit2/src/battery_assembly_planner/install/battery_assembly_planner/share/battery_assembly_planner/local_setup.sh
-- Installing: /home/davy/ws_moveit2/src/battery_assembly_planner/install/battery_assembly_planner/share/battery_assembly_planner/local_setup.zsh
-- Installing: /home/davy/ws_moveit2/src/battery_assembly_planner/install/battery_assembly_planner/share/battery_assembly_planner/local_setup.dsv
-- Installing: /home/davy/ws_moveit2/src/battery_assembly_planner/install/battery_assembly_planner/share/battery_assembly_planner/package.dsv
-- Installing: /home/davy/ws_moveit2/src/battery_assembly_planner/install/battery_assembly_planner/share/ament_index/resource_index/packages/battery_assembly_planner
-- Installing: /home/davy/ws_moveit2/src/battery_assembly_planner/install/battery_assembly_planner/share/battery_assembly_planner/cmake/battery_assembly_plannerConfig.cmake
-- Installing: /home/davy/ws_moveit2/src/battery_assembly_planner/install/battery_assembly_planner/share/battery_assembly_planner/cmake/battery_assembly_plannerConfig-version.cmake
-- Installing: /home/davy/ws_moveit2/src/battery_assembly_planner/install/battery_assembly_planner/share/battery_assembly_planner/package.xml
