[0.010s] Invoking command in '/home/davy/ws_moveit2/src/battery_assembly_planner/build/battery_assembly_planner': CMAKE_PREFIX_PATH=/opt/ros/humble /usr/bin/cmake /home/davy/ws_moveit2/src/battery_assembly_planner -DCMAKE_BUILD_TYPE=Debug -DCMAKE_INSTALL_PREFIX=/home/davy/ws_moveit2/src/battery_assembly_planner/install/battery_assembly_planner
[0.092s] -- Found ament_cmake: 1.3.9 (/opt/ros/humble/share/ament_cmake/cmake)
[0.574s] -- Found Python3: /usr/bin/python3 (found version "3.10.12") found components: Interpreter 
[0.920s] -- Found moveit_ros_planning_interface: 2.5.5 (/opt/ros/humble/share/moveit_ros_planning_interface/cmake)
[1.695s] -- Found Boost: /usr/lib/x86_64-linux-gnu/cmake/Boost-1.74.0/BoostConfig.cmake (found version "1.74.0") found components: date_time filesystem program_options system thread 
[2.111s] -- Found rosidl_generator_c: 3.1.5 (/opt/ros/humble/share/rosidl_generator_c/cmake)
[2.152s] -- Found rosidl_adapter: 3.1.5 (/opt/ros/humble/share/rosidl_adapter/cmake)
[2.238s] -- Found rosidl_generator_cpp: 3.1.5 (/opt/ros/humble/share/rosidl_generator_cpp/cmake)
[2.311s] -- Using all available rosidl_typesupport_c: rosidl_typesupport_fastrtps_c;rosidl_typesupport_introspection_c
[2.430s] -- Using all available rosidl_typesupport_cpp: rosidl_typesupport_fastrtps_cpp;rosidl_typesupport_introspection_cpp
[3.882s] -- Found Boost: /usr/lib/x86_64-linux-gnu/cmake/Boost-1.74.0/BoostConfig.cmake (found version "1.74.0") found components: chrono date_time filesystem iostreams program_options regex serialization system thread 
[4.118s] -- Found parameter_traits: 0.3.8 (/opt/ros/humble/share/parameter_traits/cmake)
[4.685s] -- Found rmw_implementation_cmake: 6.1.2 (/opt/ros/humble/share/rmw_implementation_cmake/cmake)
[4.739s] -- Found rmw_fastrtps_cpp: 6.2.6 (/opt/ros/humble/share/rmw_fastrtps_cpp/cmake)
[5.178s] -- Found OpenSSL: /usr/lib/x86_64-linux-gnu/libcrypto.so (found version "3.0.2")  
[5.271s] -- Found FastRTPS: /opt/ros/humble/include  
[5.333s] -- Using RMW implementation 'rmw_fastrtps_cpp' as default
[5.409s] -- Found Threads: TRUE  
[5.772s] -- Found rclcpp_lifecycle: 16.0.9 (/opt/ros/humble/share/rclcpp_lifecycle/cmake)
[5.941s] -- Found Boost: /usr/lib/x86_64-linux-gnu/cmake/Boost-1.74.0/BoostConfig.cmake (found version "1.74.0") found components: filesystem 
[6.289s] -- library: /usr/lib/x86_64-linux-gnu/libcurl.so
[6.636s] -- Found Eigen3: TRUE (found version "3.4.0") 
[6.637s] -- Ensuring Eigen3 include directory is part of orocos-kdl CMake target
[7.712s] -- Found Boost: /usr/lib/x86_64-linux-gnu/cmake/Boost-1.74.0/BoostConfig.cmake (found version "1.74.0") found components: system filesystem date_time program_options thread chrono 
[8.442s] -- Found Boost: /usr/lib/x86_64-linux-gnu/cmake/Boost-1.74.0/BoostConfig.cmake (found version "1.74.0") found components: thread system filesystem regex date_time program_options 
[8.789s] -- Found Boost: /usr/lib/x86_64-linux-gnu/cmake/Boost-1.74.0/BoostConfig.cmake (found version "1.74.0") found components: system filesystem date_time program_options thread 
[9.351s] -- Found ament_lint_auto: 0.12.11 (/opt/ros/humble/share/ament_lint_auto/cmake)
[9.608s] -- Added test 'cppcheck' to perform static code analysis on C / C++ code
[9.609s] -- Configured cppcheck include dirs: $<BUILD_INTERFACE:/home/davy/ws_moveit2/src/battery_assembly_planner/include>
[9.609s] -- Configured cppcheck exclude dirs and/or files: 
[9.613s] -- Added test 'flake8' to check Python code syntax and style conventions
[9.618s] -- Added test 'lint_cmake' to check CMake code style
[9.620s] -- Added test 'pep257' to check Python code against some of the docstring style conventions in PEP 257
[9.633s] -- Added test 'uncrustify' to check C / C++ code style
[9.633s] -- Configured uncrustify additional arguments: 
[9.635s] -- Added test 'xmllint' to check XML markup files
[9.650s] -- Configuring done
[10.023s] -- Generating done
[10.029s] -- Build files have been written to: /home/davy/ws_moveit2/src/battery_assembly_planner/build/battery_assembly_planner
[10.046s] Invoked command in '/home/davy/ws_moveit2/src/battery_assembly_planner/build/battery_assembly_planner' returned '0': CMAKE_PREFIX_PATH=/opt/ros/humble /usr/bin/cmake /home/davy/ws_moveit2/src/battery_assembly_planner -DCMAKE_BUILD_TYPE=Debug -DCMAKE_INSTALL_PREFIX=/home/davy/ws_moveit2/src/battery_assembly_planner/install/battery_assembly_planner
[10.049s] Invoking command in '/home/davy/ws_moveit2/src/battery_assembly_planner/build/battery_assembly_planner': CMAKE_PREFIX_PATH=/opt/ros/humble /usr/bin/cmake --build /home/davy/ws_moveit2/src/battery_assembly_planner/build/battery_assembly_planner -- -j8 -l8
[10.112s] [ 50%] [32mBuilding CXX object CMakeFiles/battery_assembly.dir/src/battery_assembly.cpp.o[0m
[28.544s] [100%] [32m[1mLinking CXX executable battery_assembly[0m
[30.954s] [100%] Built target battery_assembly
[30.967s] Invoked command in '/home/davy/ws_moveit2/src/battery_assembly_planner/build/battery_assembly_planner' returned '0': CMAKE_PREFIX_PATH=/opt/ros/humble /usr/bin/cmake --build /home/davy/ws_moveit2/src/battery_assembly_planner/build/battery_assembly_planner -- -j8 -l8
[31.008s] Invoking command in '/home/davy/ws_moveit2/src/battery_assembly_planner/build/battery_assembly_planner': CMAKE_PREFIX_PATH=/opt/ros/humble /usr/bin/cmake --install /home/davy/ws_moveit2/src/battery_assembly_planner/build/battery_assembly_planner
[31.016s] -- Install configuration: "Debug"
[31.016s] -- Installing: /home/davy/ws_moveit2/src/battery_assembly_planner/install/battery_assembly_planner/lib/battery_assembly_planner/battery_assembly
[31.022s] -- Set runtime path of "/home/davy/ws_moveit2/src/battery_assembly_planner/install/battery_assembly_planner/lib/battery_assembly_planner/battery_assembly" to ""
[31.022s] -- Installing: /home/davy/ws_moveit2/src/battery_assembly_planner/install/battery_assembly_planner/share/ament_index/resource_index/package_run_dependencies/battery_assembly_planner
[31.023s] -- Installing: /home/davy/ws_moveit2/src/battery_assembly_planner/install/battery_assembly_planner/share/ament_index/resource_index/parent_prefix_path/battery_assembly_planner
[31.023s] -- Installing: /home/davy/ws_moveit2/src/battery_assembly_planner/install/battery_assembly_planner/share/battery_assembly_planner/environment/ament_prefix_path.sh
[31.023s] -- Installing: /home/davy/ws_moveit2/src/battery_assembly_planner/install/battery_assembly_planner/share/battery_assembly_planner/environment/ament_prefix_path.dsv
[31.023s] -- Installing: /home/davy/ws_moveit2/src/battery_assembly_planner/install/battery_assembly_planner/share/battery_assembly_planner/environment/path.sh
[31.023s] -- Installing: /home/davy/ws_moveit2/src/battery_assembly_planner/install/battery_assembly_planner/share/battery_assembly_planner/environment/path.dsv
[31.024s] -- Installing: /home/davy/ws_moveit2/src/battery_assembly_planner/install/battery_assembly_planner/share/battery_assembly_planner/local_setup.bash
[31.024s] -- Installing: /home/davy/ws_moveit2/src/battery_assembly_planner/install/battery_assembly_planner/share/battery_assembly_planner/local_setup.sh
[31.024s] -- Installing: /home/davy/ws_moveit2/src/battery_assembly_planner/install/battery_assembly_planner/share/battery_assembly_planner/local_setup.zsh
[31.024s] -- Installing: /home/davy/ws_moveit2/src/battery_assembly_planner/install/battery_assembly_planner/share/battery_assembly_planner/local_setup.dsv
[31.024s] -- Installing: /home/davy/ws_moveit2/src/battery_assembly_planner/install/battery_assembly_planner/share/battery_assembly_planner/package.dsv
[31.024s] -- Installing: /home/davy/ws_moveit2/src/battery_assembly_planner/install/battery_assembly_planner/share/ament_index/resource_index/packages/battery_assembly_planner
[31.025s] -- Installing: /home/davy/ws_moveit2/src/battery_assembly_planner/install/battery_assembly_planner/share/battery_assembly_planner/cmake/battery_assembly_plannerConfig.cmake
[31.025s] -- Installing: /home/davy/ws_moveit2/src/battery_assembly_planner/install/battery_assembly_planner/share/battery_assembly_planner/cmake/battery_assembly_plannerConfig-version.cmake
[31.025s] -- Installing: /home/davy/ws_moveit2/src/battery_assembly_planner/install/battery_assembly_planner/share/battery_assembly_planner/package.xml
[31.028s] Invoked command in '/home/davy/ws_moveit2/src/battery_assembly_planner/build/battery_assembly_planner' returned '0': CMAKE_PREFIX_PATH=/opt/ros/humble /usr/bin/cmake --install /home/davy/ws_moveit2/src/battery_assembly_planner/build/battery_assembly_planner
