[0.068s] Invoking command in '/home/davy/ws_moveit2/src/battery_assembly_planner/build/battery_assembly_planner': /usr/bin/cmake /home/davy/ws_moveit2/src/battery_assembly_planner -DCMAKE_BUILD_TYPE=Debug -DCMAKE_INSTALL_PREFIX=/home/davy/ws_moveit2/src/battery_assembly_planner/install/battery_assembly_planner
[1.311s] -- The C compiler identification is GNU 11.4.0
[2.442s] -- The CXX compiler identification is GNU 11.4.0
[2.544s] -- Detecting C compiler ABI info
[2.855s] -- Detecting C compiler ABI info - done
[2.864s] -- Check for working C compiler: /usr/bin/cc - skipped
[2.864s] -- Detecting C compile features
[2.885s] -- Detecting C compile features - done
[2.901s] -- Detecting CXX compiler ABI info
[3.046s] -- Detecting CXX compiler ABI info - done
[3.054s] -- Check for working CXX compiler: /usr/bin/c++ - skipped
[3.054s] -- Detecting CXX compile features
[3.055s] -- Detecting CXX compile features - done
[3.097s] [31mCMake Error at CMakeLists.txt:9 (find_package):
[3.097s]   By not providing "Findament_cmake.cmake" in CMAKE_MODULE_PATH this project
[3.098s]   has asked CMake to find a package configuration file provided by
[3.098s]   "ament_cmake", but CMake did not find one.
[3.098s] 
[3.098s]   Could not find a package configuration file provided by "ament_cmake" with
[3.098s]   any of the following names:
[3.098s] 
[3.098s]     ament_cmakeConfig.cmake
[3.098s]     ament_cmake-config.cmake
[3.098s] 
[3.098s]   Add the installation prefix of "ament_cmake" to CMAKE_PREFIX_PATH or set
[3.099s]   "ament_cmake_DIR" to a directory containing one of the above files.  If
[3.099s]   "ament_cmake" provides a separate development package or SDK, be sure it
[3.099s]   has been installed.
[3.099s] 
[3.099s] [0m
[3.099s] -- Configuring incomplete, errors occurred!
[3.099s] See also "/home/davy/ws_moveit2/src/battery_assembly_planner/build/battery_assembly_planner/CMakeFiles/CMakeOutput.log".
[3.103s] Invoked command in '/home/davy/ws_moveit2/src/battery_assembly_planner/build/battery_assembly_planner' returned '1': /usr/bin/cmake /home/davy/ws_moveit2/src/battery_assembly_planner -DCMAKE_BUILD_TYPE=Debug -DCMAKE_INSTALL_PREFIX=/home/davy/ws_moveit2/src/battery_assembly_planner/install/battery_assembly_planner
