[0.119s] DEBUG:colcon:Command line arguments: ['/usr/bin/colcon', 'build', '--mixin', 'debug']
[0.120s] DEBUG:colcon:Parsed command line arguments: Namespace(log_base=None, log_level=None, verb_name='build', build_base='build', install_base='install', merge_install=False, symlink_install=False, test_result_base=None, continue_on_error=False, executor='parallel', parallel_workers=8, event_handlers=None, ignore_user_meta=False, metas=['./colcon.meta'], base_paths=['.'], packages_ignore=None, packages_ignore_regex=None, paths=None, packages_up_to=None, packages_up_to_regex=None, packages_above=None, packages_above_and_dependencies=None, packages_above_depth=None, packages_select_by_dep=None, packages_skip_by_dep=None, packages_skip_up_to=None, packages_select_build_failed=False, packages_skip_build_finished=False, packages_select_test_failures=False, packages_skip_test_passed=False, packages_select=None, packages_skip=None, packages_select_regex=None, packages_skip_regex=None, packages_start=None, packages_end=None, allow_overriding=[], cmake_args=['-DCMAKE_BUILD_TYPE=Debug'], cmake_target=None, cmake_target_skip_unavailable=False, cmake_clean_cache=False, cmake_clean_first=False, cmake_force_configure=False, ament_cmake_args=None, catkin_cmake_args=None, catkin_skip_building_tests=False, mixin_files=None, mixin=['debug'], verb_parser=<colcon_mixin.mixin.mixin_argument.MixinArgumentDecorator object at 0x7198a0f18d30>, verb_extension=<colcon_core.verb.build.BuildVerb object at 0x7198a0f186d0>, main=<bound method BuildVerb.main of <colcon_core.verb.build.BuildVerb object at 0x7198a0f186d0>>, mixin_verb=('build',))
[0.266s] Level 1:colcon.colcon_core.package_discovery:discover_packages(colcon_meta) check parameters
[0.266s] Level 1:colcon.colcon_core.package_discovery:discover_packages(recursive) check parameters
[0.266s] Level 1:colcon.colcon_core.package_discovery:discover_packages(ignore) check parameters
[0.266s] Level 1:colcon.colcon_core.package_discovery:discover_packages(path) check parameters
[0.266s] Level 1:colcon.colcon_core.package_discovery:discover_packages(colcon_meta) discover
[0.266s] Level 1:colcon.colcon_core.package_discovery:discover_packages(recursive) discover
[0.266s] INFO:colcon.colcon_core.package_discovery:Crawling recursively for packages in '/home/davy/ws_moveit2/src/battery_assembly_planner'
[0.266s] Level 1:colcon.colcon_core.package_identification:_identify(.) by extensions ['ignore', 'ignore_ament_install']
[0.266s] Level 1:colcon.colcon_core.package_identification:_identify(.) by extension 'ignore'
[0.266s] Level 1:colcon.colcon_core.package_identification:_identify(.) by extension 'ignore_ament_install'
[0.267s] Level 1:colcon.colcon_core.package_identification:_identify(.) by extensions ['colcon_pkg']
[0.267s] Level 1:colcon.colcon_core.package_identification:_identify(.) by extension 'colcon_pkg'
[0.267s] Level 1:colcon.colcon_core.package_identification:_identify(.) by extensions ['colcon_meta']
[0.267s] Level 1:colcon.colcon_core.package_identification:_identify(.) by extension 'colcon_meta'
[0.267s] Level 1:colcon.colcon_core.package_identification:_identify(.) by extensions ['ros']
[0.267s] Level 1:colcon.colcon_core.package_identification:_identify(.) by extension 'ros'
[0.281s] DEBUG:colcon.colcon_core.package_identification:Package '.' with type 'ros.ament_cmake' and name 'battery_assembly_planner'
[0.281s] Level 1:colcon.colcon_core.package_discovery:discover_packages(recursive) using defaults
[0.281s] Level 1:colcon.colcon_core.package_discovery:discover_packages(ignore) discover
[0.281s] Level 1:colcon.colcon_core.package_discovery:discover_packages(ignore) using defaults
[0.281s] Level 1:colcon.colcon_core.package_discovery:discover_packages(path) discover
[0.281s] Level 1:colcon.colcon_core.package_discovery:discover_packages(path) using defaults
[0.301s] Level 1:colcon.colcon_core.package_discovery:discover_packages(prefix_path) check parameters
[0.301s] Level 1:colcon.colcon_core.package_discovery:discover_packages(prefix_path) discover
[0.302s] Level 1:colcon.colcon_core.package_discovery:discover_packages(prefix_path) using defaults
[0.303s] Level 5:colcon.colcon_core.verb:set package 'battery_assembly_planner' build argument 'cmake_args' from command line to '['-DCMAKE_BUILD_TYPE=Debug']'
[0.303s] Level 5:colcon.colcon_core.verb:set package 'battery_assembly_planner' build argument 'cmake_target' from command line to 'None'
[0.303s] Level 5:colcon.colcon_core.verb:set package 'battery_assembly_planner' build argument 'cmake_target_skip_unavailable' from command line to 'False'
[0.303s] Level 5:colcon.colcon_core.verb:set package 'battery_assembly_planner' build argument 'cmake_clean_cache' from command line to 'False'
[0.304s] Level 5:colcon.colcon_core.verb:set package 'battery_assembly_planner' build argument 'cmake_clean_first' from command line to 'False'
[0.304s] Level 5:colcon.colcon_core.verb:set package 'battery_assembly_planner' build argument 'cmake_force_configure' from command line to 'False'
[0.304s] Level 5:colcon.colcon_core.verb:set package 'battery_assembly_planner' build argument 'ament_cmake_args' from command line to 'None'
[0.304s] Level 5:colcon.colcon_core.verb:set package 'battery_assembly_planner' build argument 'catkin_cmake_args' from command line to 'None'
[0.304s] Level 5:colcon.colcon_core.verb:set package 'battery_assembly_planner' build argument 'catkin_skip_building_tests' from command line to 'False'
[0.304s] DEBUG:colcon.colcon_core.verb:Building package 'battery_assembly_planner' with the following arguments: {'ament_cmake_args': None, 'build_base': '/home/davy/ws_moveit2/src/battery_assembly_planner/build/battery_assembly_planner', 'catkin_cmake_args': None, 'catkin_skip_building_tests': False, 'cmake_args': ['-DCMAKE_BUILD_TYPE=Debug'], 'cmake_clean_cache': False, 'cmake_clean_first': False, 'cmake_force_configure': False, 'cmake_target': None, 'cmake_target_skip_unavailable': False, 'install_base': '/home/davy/ws_moveit2/src/battery_assembly_planner/install/battery_assembly_planner', 'merge_install': False, 'path': '/home/davy/ws_moveit2/src/battery_assembly_planner', 'symlink_install': False, 'test_result_base': None}
[0.304s] INFO:colcon.colcon_core.executor:Executing jobs using 'parallel' executor
[0.315s] DEBUG:colcon.colcon_parallel_executor.executor.parallel:run_until_complete
[0.315s] INFO:colcon.colcon_ros.task.ament_cmake.build:Building ROS package in '/home/davy/ws_moveit2/src/battery_assembly_planner' with build type 'ament_cmake'
[0.315s] INFO:colcon.colcon_cmake.task.cmake.build:Building CMake package in '/home/davy/ws_moveit2/src/battery_assembly_planner'
[0.317s] INFO:colcon.colcon_core.plugin_system:Skipping extension 'colcon_core.shell.bat': Not used on non-Windows systems
[0.318s] INFO:colcon.colcon_core.shell:Skip shell extension 'powershell' for command environment: Not usable outside of PowerShell
[0.318s] DEBUG:colcon.colcon_core.shell:Skip shell extension 'dsv' for command environment
[0.325s] DEBUG:colcon.colcon_core.event_handler.log_command:Invoking command in '/home/davy/ws_moveit2/src/battery_assembly_planner/build/battery_assembly_planner': /usr/bin/cmake /home/davy/ws_moveit2/src/battery_assembly_planner -DCMAKE_BUILD_TYPE=Debug -DCMAKE_INSTALL_PREFIX=/home/davy/ws_moveit2/src/battery_assembly_planner/install/battery_assembly_planner
[0.351s] DEBUG:colcon.colcon_core.event_handler.log_command:Invoked command in '/home/davy/ws_moveit2/src/battery_assembly_planner/build/battery_assembly_planner' returned '1': /usr/bin/cmake /home/davy/ws_moveit2/src/battery_assembly_planner -DCMAKE_BUILD_TYPE=Debug -DCMAKE_INSTALL_PREFIX=/home/davy/ws_moveit2/src/battery_assembly_planner/install/battery_assembly_planner
[0.363s] Level 1:colcon.colcon_core.environment:create_environment_scripts_only(battery_assembly_planner)
[0.366s] Level 1:colcon.colcon_core.environment:checking '/home/davy/ws_moveit2/src/battery_assembly_planner/install/battery_assembly_planner' for CMake module files
[0.366s] Level 1:colcon.colcon_core.environment:checking '/home/davy/ws_moveit2/src/battery_assembly_planner/install/battery_assembly_planner' for CMake config files
[0.367s] Level 1:colcon.colcon_core.environment:checking '/home/davy/ws_moveit2/src/battery_assembly_planner/install/battery_assembly_planner/bin'
[0.367s] Level 1:colcon.colcon_core.environment:checking '/home/davy/ws_moveit2/src/battery_assembly_planner/install/battery_assembly_planner/lib/pkgconfig/battery_assembly_planner.pc'
[0.369s] Level 1:colcon.colcon_core.environment:checking '/home/davy/ws_moveit2/src/battery_assembly_planner/install/battery_assembly_planner/lib/python3.10/site-packages'
[0.369s] Level 1:colcon.colcon_core.environment:checking '/home/davy/ws_moveit2/src/battery_assembly_planner/install/battery_assembly_planner/bin'
[0.369s] INFO:colcon.colcon_core.shell:Creating package script '/home/davy/ws_moveit2/src/battery_assembly_planner/install/battery_assembly_planner/share/battery_assembly_planner/package.ps1'
[0.370s] INFO:colcon.colcon_core.shell:Creating package descriptor '/home/davy/ws_moveit2/src/battery_assembly_planner/install/battery_assembly_planner/share/battery_assembly_planner/package.dsv'
[0.370s] INFO:colcon.colcon_core.shell:Creating package script '/home/davy/ws_moveit2/src/battery_assembly_planner/install/battery_assembly_planner/share/battery_assembly_planner/package.sh'
[0.371s] INFO:colcon.colcon_core.shell:Creating package script '/home/davy/ws_moveit2/src/battery_assembly_planner/install/battery_assembly_planner/share/battery_assembly_planner/package.bash'
[0.372s] INFO:colcon.colcon_core.shell:Creating package script '/home/davy/ws_moveit2/src/battery_assembly_planner/install/battery_assembly_planner/share/battery_assembly_planner/package.zsh'
[0.372s] Level 1:colcon.colcon_core.environment:create_file_with_runtime_dependencies(/home/davy/ws_moveit2/src/battery_assembly_planner/install/battery_assembly_planner/share/colcon-core/packages/battery_assembly_planner)
[0.373s] DEBUG:colcon.colcon_parallel_executor.executor.parallel:closing loop
[0.373s] DEBUG:colcon.colcon_parallel_executor.executor.parallel:loop closed
[0.373s] DEBUG:colcon.colcon_parallel_executor.executor.parallel:run_until_complete finished with '1'
[0.373s] DEBUG:colcon.colcon_core.event_reactor:joining thread
[0.379s] INFO:colcon.colcon_core.plugin_system:Skipping extension 'colcon_notification.desktop_notification.terminal_notifier': Not used on non-Darwin systems
[0.379s] INFO:colcon.colcon_core.plugin_system:Skipping extension 'colcon_notification.desktop_notification.win32': Not used on non-Windows systems
[0.379s] INFO:colcon.colcon_notification.desktop_notification:Sending desktop notification using 'notify2'
[0.392s] DEBUG:colcon.colcon_core.event_reactor:joined thread
[0.392s] INFO:colcon.colcon_core.shell:Creating prefix script '/home/davy/ws_moveit2/src/battery_assembly_planner/install/local_setup.ps1'
[0.393s] INFO:colcon.colcon_core.shell:Creating prefix util module '/home/davy/ws_moveit2/src/battery_assembly_planner/install/_local_setup_util_ps1.py'
[0.394s] INFO:colcon.colcon_core.shell:Creating prefix chain script '/home/davy/ws_moveit2/src/battery_assembly_planner/install/setup.ps1'
[0.395s] INFO:colcon.colcon_core.shell:Creating prefix script '/home/davy/ws_moveit2/src/battery_assembly_planner/install/local_setup.sh'
[0.396s] INFO:colcon.colcon_core.shell:Creating prefix util module '/home/davy/ws_moveit2/src/battery_assembly_planner/install/_local_setup_util_sh.py'
[0.396s] INFO:colcon.colcon_core.shell:Creating prefix chain script '/home/davy/ws_moveit2/src/battery_assembly_planner/install/setup.sh'
[0.397s] INFO:colcon.colcon_core.shell:Creating prefix script '/home/davy/ws_moveit2/src/battery_assembly_planner/install/local_setup.bash'
[0.398s] INFO:colcon.colcon_core.shell:Creating prefix chain script '/home/davy/ws_moveit2/src/battery_assembly_planner/install/setup.bash'
[0.398s] INFO:colcon.colcon_core.shell:Creating prefix script '/home/davy/ws_moveit2/src/battery_assembly_planner/install/local_setup.zsh'
[0.399s] INFO:colcon.colcon_core.shell:Creating prefix chain script '/home/davy/ws_moveit2/src/battery_assembly_planner/install/setup.zsh'
