[0.307s] DEBUG:colcon:Command line arguments: ['/usr/bin/colcon', 'build', '--mixin', 'debug']
[0.308s] DEBUG:colcon:Parsed command line arguments: Namespace(log_base=None, log_level=None, verb_name='build', build_base='build', install_base='install', merge_install=False, symlink_install=False, test_result_base=None, continue_on_error=False, executor='parallel', parallel_workers=8, event_handlers=None, ignore_user_meta=False, metas=['./colcon.meta'], base_paths=['.'], packages_ignore=None, packages_ignore_regex=None, paths=None, packages_up_to=None, packages_up_to_regex=None, packages_above=None, packages_above_and_dependencies=None, packages_above_depth=None, packages_select_by_dep=None, packages_skip_by_dep=None, packages_skip_up_to=None, packages_select_build_failed=False, packages_skip_build_finished=False, packages_select_test_failures=False, packages_skip_test_passed=False, packages_select=None, packages_skip=None, packages_select_regex=None, packages_skip_regex=None, packages_start=None, packages_end=None, allow_overriding=[], cmake_args=['-DCMAKE_BUILD_TYPE=Debug'], cmake_target=None, cmake_target_skip_unavailable=False, cmake_clean_cache=False, cmake_clean_first=False, cmake_force_configure=False, ament_cmake_args=None, catkin_cmake_args=None, catkin_skip_building_tests=False, mixin_files=None, mixin=['debug'], verb_parser=<colcon_mixin.mixin.mixin_argument.MixinArgumentDecorator object at 0x70bf2fe18d30>, verb_extension=<colcon_core.verb.build.BuildVerb object at 0x70bf2fe186d0>, main=<bound method BuildVerb.main of <colcon_core.verb.build.BuildVerb object at 0x70bf2fe186d0>>, mixin_verb=('build',))
[2.774s] Level 1:colcon.colcon_core.package_discovery:discover_packages(colcon_meta) check parameters
[2.775s] Level 1:colcon.colcon_core.package_discovery:discover_packages(recursive) check parameters
[2.775s] Level 1:colcon.colcon_core.package_discovery:discover_packages(ignore) check parameters
[2.775s] Level 1:colcon.colcon_core.package_discovery:discover_packages(path) check parameters
[2.775s] Level 1:colcon.colcon_core.package_discovery:discover_packages(colcon_meta) discover
[2.776s] Level 1:colcon.colcon_core.package_discovery:discover_packages(recursive) discover
[2.776s] INFO:colcon.colcon_core.package_discovery:Crawling recursively for packages in '/home/davy/ws_moveit2/src/battery_assembly_planner'
[2.776s] Level 1:colcon.colcon_core.package_identification:_identify(.) by extensions ['ignore', 'ignore_ament_install']
[2.777s] Level 1:colcon.colcon_core.package_identification:_identify(.) by extension 'ignore'
[2.777s] Level 1:colcon.colcon_core.package_identification:_identify(.) by extension 'ignore_ament_install'
[2.778s] Level 1:colcon.colcon_core.package_identification:_identify(.) by extensions ['colcon_pkg']
[2.778s] Level 1:colcon.colcon_core.package_identification:_identify(.) by extension 'colcon_pkg'
[2.778s] Level 1:colcon.colcon_core.package_identification:_identify(.) by extensions ['colcon_meta']
[2.778s] Level 1:colcon.colcon_core.package_identification:_identify(.) by extension 'colcon_meta'
[2.779s] Level 1:colcon.colcon_core.package_identification:_identify(.) by extensions ['ros']
[2.779s] Level 1:colcon.colcon_core.package_identification:_identify(.) by extension 'ros'
[2.871s] DEBUG:colcon.colcon_core.package_identification:Package '.' with type 'ros.ament_cmake' and name 'battery_assembly_planner'
[2.871s] Level 1:colcon.colcon_core.package_discovery:discover_packages(recursive) using defaults
[2.872s] Level 1:colcon.colcon_core.package_discovery:discover_packages(ignore) discover
[2.872s] Level 1:colcon.colcon_core.package_discovery:discover_packages(ignore) using defaults
[2.872s] Level 1:colcon.colcon_core.package_discovery:discover_packages(path) discover
[2.872s] Level 1:colcon.colcon_core.package_discovery:discover_packages(path) using defaults
[3.211s] Level 1:colcon.colcon_core.package_discovery:discover_packages(prefix_path) check parameters
[3.211s] Level 1:colcon.colcon_core.package_discovery:discover_packages(prefix_path) discover
[3.236s] Level 1:colcon.colcon_core.package_discovery:discover_packages(prefix_path) using defaults
[3.248s] Level 5:colcon.colcon_core.verb:set package 'battery_assembly_planner' build argument 'cmake_args' from command line to '['-DCMAKE_BUILD_TYPE=Debug']'
[3.248s] Level 5:colcon.colcon_core.verb:set package 'battery_assembly_planner' build argument 'cmake_target' from command line to 'None'
[3.248s] Level 5:colcon.colcon_core.verb:set package 'battery_assembly_planner' build argument 'cmake_target_skip_unavailable' from command line to 'False'
[3.248s] Level 5:colcon.colcon_core.verb:set package 'battery_assembly_planner' build argument 'cmake_clean_cache' from command line to 'False'
[3.248s] Level 5:colcon.colcon_core.verb:set package 'battery_assembly_planner' build argument 'cmake_clean_first' from command line to 'False'
[3.248s] Level 5:colcon.colcon_core.verb:set package 'battery_assembly_planner' build argument 'cmake_force_configure' from command line to 'False'
[3.249s] Level 5:colcon.colcon_core.verb:set package 'battery_assembly_planner' build argument 'ament_cmake_args' from command line to 'None'
[3.249s] Level 5:colcon.colcon_core.verb:set package 'battery_assembly_planner' build argument 'catkin_cmake_args' from command line to 'None'
[3.249s] Level 5:colcon.colcon_core.verb:set package 'battery_assembly_planner' build argument 'catkin_skip_building_tests' from command line to 'False'
[3.249s] DEBUG:colcon.colcon_core.verb:Building package 'battery_assembly_planner' with the following arguments: {'ament_cmake_args': None, 'build_base': '/home/davy/ws_moveit2/src/battery_assembly_planner/build/battery_assembly_planner', 'catkin_cmake_args': None, 'catkin_skip_building_tests': False, 'cmake_args': ['-DCMAKE_BUILD_TYPE=Debug'], 'cmake_clean_cache': False, 'cmake_clean_first': False, 'cmake_force_configure': False, 'cmake_target': None, 'cmake_target_skip_unavailable': False, 'install_base': '/home/davy/ws_moveit2/src/battery_assembly_planner/install/battery_assembly_planner', 'merge_install': False, 'path': '/home/davy/ws_moveit2/src/battery_assembly_planner', 'symlink_install': False, 'test_result_base': None}
[3.250s] INFO:colcon.colcon_core.executor:Executing jobs using 'parallel' executor
[3.278s] DEBUG:colcon.colcon_parallel_executor.executor.parallel:run_until_complete
[3.278s] INFO:colcon.colcon_ros.task.ament_cmake.build:Building ROS package in '/home/davy/ws_moveit2/src/battery_assembly_planner' with build type 'ament_cmake'
[3.278s] INFO:colcon.colcon_cmake.task.cmake.build:Building CMake package in '/home/davy/ws_moveit2/src/battery_assembly_planner'
[3.314s] INFO:colcon.colcon_core.plugin_system:Skipping extension 'colcon_core.shell.bat': Not used on non-Windows systems
[3.315s] INFO:colcon.colcon_core.shell:Skip shell extension 'powershell' for command environment: Not usable outside of PowerShell
[3.315s] DEBUG:colcon.colcon_core.shell:Skip shell extension 'dsv' for command environment
[3.348s] DEBUG:colcon.colcon_core.event_handler.log_command:Invoking command in '/home/davy/ws_moveit2/src/battery_assembly_planner/build/battery_assembly_planner': /usr/bin/cmake /home/davy/ws_moveit2/src/battery_assembly_planner -DCMAKE_BUILD_TYPE=Debug -DCMAKE_INSTALL_PREFIX=/home/davy/ws_moveit2/src/battery_assembly_planner/install/battery_assembly_planner
[6.382s] DEBUG:colcon.colcon_core.event_handler.log_command:Invoked command in '/home/davy/ws_moveit2/src/battery_assembly_planner/build/battery_assembly_planner' returned '1': /usr/bin/cmake /home/davy/ws_moveit2/src/battery_assembly_planner -DCMAKE_BUILD_TYPE=Debug -DCMAKE_INSTALL_PREFIX=/home/davy/ws_moveit2/src/battery_assembly_planner/install/battery_assembly_planner
[6.401s] Level 1:colcon.colcon_core.environment:create_environment_scripts_only(battery_assembly_planner)
[6.474s] Level 1:colcon.colcon_core.environment:checking '/home/davy/ws_moveit2/src/battery_assembly_planner/install/battery_assembly_planner' for CMake module files
[6.476s] Level 1:colcon.colcon_core.environment:checking '/home/davy/ws_moveit2/src/battery_assembly_planner/install/battery_assembly_planner' for CMake config files
[6.478s] Level 1:colcon.colcon_core.environment:checking '/home/davy/ws_moveit2/src/battery_assembly_planner/install/battery_assembly_planner/bin'
[6.478s] Level 1:colcon.colcon_core.environment:checking '/home/davy/ws_moveit2/src/battery_assembly_planner/install/battery_assembly_planner/lib/pkgconfig/battery_assembly_planner.pc'
[6.502s] Level 1:colcon.colcon_core.environment:checking '/home/davy/ws_moveit2/src/battery_assembly_planner/install/battery_assembly_planner/lib/python3.10/site-packages'
[6.503s] Level 1:colcon.colcon_core.environment:checking '/home/davy/ws_moveit2/src/battery_assembly_planner/install/battery_assembly_planner/bin'
[6.505s] INFO:colcon.colcon_core.shell:Creating package script '/home/davy/ws_moveit2/src/battery_assembly_planner/install/battery_assembly_planner/share/battery_assembly_planner/package.ps1'
[6.521s] INFO:colcon.colcon_core.shell:Creating package descriptor '/home/davy/ws_moveit2/src/battery_assembly_planner/install/battery_assembly_planner/share/battery_assembly_planner/package.dsv'
[6.536s] INFO:colcon.colcon_core.shell:Creating package script '/home/davy/ws_moveit2/src/battery_assembly_planner/install/battery_assembly_planner/share/battery_assembly_planner/package.sh'
[6.539s] INFO:colcon.colcon_core.shell:Creating package script '/home/davy/ws_moveit2/src/battery_assembly_planner/install/battery_assembly_planner/share/battery_assembly_planner/package.bash'
[6.566s] INFO:colcon.colcon_core.shell:Creating package script '/home/davy/ws_moveit2/src/battery_assembly_planner/install/battery_assembly_planner/share/battery_assembly_planner/package.zsh'
[6.582s] Level 1:colcon.colcon_core.environment:create_file_with_runtime_dependencies(/home/davy/ws_moveit2/src/battery_assembly_planner/install/battery_assembly_planner/share/colcon-core/packages/battery_assembly_planner)
[6.594s] DEBUG:colcon.colcon_parallel_executor.executor.parallel:closing loop
[6.595s] DEBUG:colcon.colcon_parallel_executor.executor.parallel:loop closed
[6.595s] DEBUG:colcon.colcon_parallel_executor.executor.parallel:run_until_complete finished with '1'
[6.596s] DEBUG:colcon.colcon_core.event_reactor:joining thread
[6.623s] INFO:colcon.colcon_core.plugin_system:Skipping extension 'colcon_notification.desktop_notification.terminal_notifier': Not used on non-Darwin systems
[6.624s] INFO:colcon.colcon_core.plugin_system:Skipping extension 'colcon_notification.desktop_notification.win32': Not used on non-Windows systems
[6.624s] INFO:colcon.colcon_notification.desktop_notification:Sending desktop notification using 'notify2'
[6.673s] DEBUG:colcon.colcon_core.event_reactor:joined thread
[6.673s] INFO:colcon.colcon_core.shell:Creating prefix script '/home/davy/ws_moveit2/src/battery_assembly_planner/install/local_setup.ps1'
[6.675s] INFO:colcon.colcon_core.shell:Creating prefix util module '/home/davy/ws_moveit2/src/battery_assembly_planner/install/_local_setup_util_ps1.py'
[6.677s] INFO:colcon.colcon_core.shell:Creating prefix chain script '/home/davy/ws_moveit2/src/battery_assembly_planner/install/setup.ps1'
[6.679s] INFO:colcon.colcon_core.shell:Creating prefix script '/home/davy/ws_moveit2/src/battery_assembly_planner/install/local_setup.sh'
[6.680s] INFO:colcon.colcon_core.shell:Creating prefix util module '/home/davy/ws_moveit2/src/battery_assembly_planner/install/_local_setup_util_sh.py'
[6.680s] INFO:colcon.colcon_core.shell:Creating prefix chain script '/home/davy/ws_moveit2/src/battery_assembly_planner/install/setup.sh'
[6.682s] INFO:colcon.colcon_core.shell:Creating prefix script '/home/davy/ws_moveit2/src/battery_assembly_planner/install/local_setup.bash'
[6.683s] INFO:colcon.colcon_core.shell:Creating prefix chain script '/home/davy/ws_moveit2/src/battery_assembly_planner/install/setup.bash'
[6.684s] INFO:colcon.colcon_core.shell:Creating prefix script '/home/davy/ws_moveit2/src/battery_assembly_planner/install/local_setup.zsh'
[6.685s] INFO:colcon.colcon_core.shell:Creating prefix chain script '/home/davy/ws_moveit2/src/battery_assembly_planner/install/setup.zsh'
